5 +4
9
18 - 14.69
3.3100000000000005
14 * 33
462
12 /2 
6
5**3
125
3 > 2
true
3 < 2
false
2 > 3
false
2 < 3
true
3 >= 3
true
3 >= 4
false
3 <= 4
true
3 <= 2
false
3 == 3
true
3 == 2
false
3 != 2
true
3 != 3
false
3 != 2 && 4 > 3
true
3 != 3 && 4 > 3
false
3 != 3 || 4 > 3
true
3 != 3 || 4 > 5
false
typeof "xyz"
'string'
typeof 'string'
'string'
typeof 4
'number'
typeof 'number'
'string'
typeof true
'boolean'
typeof Boolean
'function'
typeof String
'function'
typeof Number
'function'
"TUDublin"[0] + "TUDublin"[6] + "TUDublin"[7]
'Tin'
"abc" == "abc"
true
"abc" < "Abc"
false
alert("This is a message")
undefined
console.log("This is another message")
VM1166:1 This is another message
undefined
